The system is: Linux - 5.14.0-1048-oem - x86_64
Compiling the C compiler identification source file "CMakeCCompilerId.c" succeeded.
Compiler: /root/inery/2.0/opt/clang8/bin/clang 
Build flags: 
Id flags:  

The output was:
0


Compilation of the C compiler identification source "CMakeCCompilerId.c" produced "a.out"

The C compiler identification is Clang, found in "/home/user/Desktop/inr_build_new/inery/build/CMakeFiles/3.13.2/CompilerIdC/a.out"

Compiling the CXX compiler identification source file "CMakeCXXCompilerId.cpp" succeeded.
Compiler: /root/inery/2.0/opt/clang8/bin/clang++ 
Build flags: 
Id flags:  

The output was:
0


Compilation of the CXX compiler identification source "CMakeCXXCompilerId.cpp" produced "a.out"

The CXX compiler identification is Clang, found in "/home/user/Desktop/inr_build_new/inery/build/CMakeFiles/3.13.2/CompilerIdCXX/a.out"

Detecting C compiler ABI info compiled with the following output:
Change Dir: /home/user/Desktop/inr_build_new/inery/build/CMakeFiles/CMakeTmp

Run Build Command:"/usr/bin/make" "cmTC_64d7b/fast"
/usr/bin/make -f CMakeFiles/cmTC_64d7b.dir/build.make CMakeFiles/cmTC_64d7b.dir/build
make[1]: Entering directory '/home/user/Desktop/inr_build_new/inery/build/CMakeFiles/CMakeTmp'
Building C object CMakeFiles/cmTC_64d7b.dir/CMakeCCompilerABI.c.o
/root/inery/2.0/opt/clang8/bin/clang   -D_FORTIFY_SOURCE=2 -fstack-protector-strong -fpie    -o CMakeFiles/cmTC_64d7b.dir/CMakeCCompilerABI.c.o   -c /root/inery/2.0/share/cmake-3.13/Modules/CMakeCCompilerABI.c
Linking C executable cmTC_64d7b
/root/inery/2.0/bin/cmake -E cmake_link_script CMakeFiles/cmTC_64d7b.dir/link.txt --verbose=1
/root/inery/2.0/opt/clang8/bin/clang -D_FORTIFY_SOURCE=2 -fstack-protector-strong -fpie   -stdlib=libc++ -nostdlib++ -pie -Wl,-z,relro,-z,now -v CMakeFiles/cmTC_64d7b.dir/CMakeCCompilerABI.c.o  -o cmTC_64d7b 
clang version 10.0.1 (https://github.com/llvm/llvm-project.git ef32c611aa214dea855364efd7ba451ec5ec3f74)
Target: x86_64-unknown-linux-gnu
Thread model: posix
InstalledDir: /root/inery/2.0/opt/clang8/bin
Found candidate GCC installation: /usr/lib/gcc/x86_64-linux-gnu/9
Selected GCC installation: /usr/lib/gcc/x86_64-linux-gnu/9
Candidate multilib: .;@m64
Selected multilib: .;@m64
 "/usr/bin/ld" -pie -z relro --hash-style=gnu --eh-frame-hdr -m elf_x86_64 -dynamic-linker /lib64/ld-linux-x86-64.so.2 -o cmTC_64d7b /usr/lib/gcc/x86_64-linux-gnu/9/../../../x86_64-linux-gnu/Scrt1.o /usr/lib/gcc/x86_64-linux-gnu/9/../../../x86_64-linux-gnu/crti.o /usr/lib/gcc/x86_64-linux-gnu/9/crtbeginS.o -L/usr/lib/gcc/x86_64-linux-gnu/9 -L/usr/lib/gcc/x86_64-linux-gnu/9/../../../x86_64-linux-gnu -L/usr/lib/gcc/x86_64-linux-gnu/9/../../../../lib64 -L/lib/x86_64-linux-gnu -L/lib/../lib64 -L/usr/lib/x86_64-linux-gnu -L/usr/lib/../lib64 -L/usr/lib/x86_64-linux-gnu/../../lib64 -L/usr/lib/gcc/x86_64-linux-gnu/9/../../.. -L/root/inery/2.0/opt/clang8/bin/../lib -L/lib -L/usr/lib -z relro -z now CMakeFiles/cmTC_64d7b.dir/CMakeCCompilerABI.c.o -lgcc --as-needed -lgcc_s --no-as-needed -lc -lgcc --as-needed -lgcc_s --no-as-needed /usr/lib/gcc/x86_64-linux-gnu/9/crtendS.o /usr/lib/gcc/x86_64-linux-gnu/9/../../../x86_64-linux-gnu/crtn.o
make[1]: Leaving directory '/home/user/Desktop/inr_build_new/inery/build/CMakeFiles/CMakeTmp'


Parsed C implicit link information from above output:
  link line regex: [^( *|.*[/\])(ld|CMAKE_LINK_STARTFILE-NOTFOUND|([^/\]+-)?ld|collect2)[^/\]*( |$)]
  ignore line: [Change Dir: /home/user/Desktop/inr_build_new/inery/build/CMakeFiles/CMakeTmp]
  ignore line: []
  ignore line: [Run Build Command:"/usr/bin/make" "cmTC_64d7b/fast"]
  ignore line: [/usr/bin/make -f CMakeFiles/cmTC_64d7b.dir/build.make CMakeFiles/cmTC_64d7b.dir/build]
  ignore line: [make[1]: Entering directory '/home/user/Desktop/inr_build_new/inery/build/CMakeFiles/CMakeTmp']
  ignore line: [Building C object CMakeFiles/cmTC_64d7b.dir/CMakeCCompilerABI.c.o]
  ignore line: [/root/inery/2.0/opt/clang8/bin/clang   -D_FORTIFY_SOURCE=2 -fstack-protector-strong -fpie    -o CMakeFiles/cmTC_64d7b.dir/CMakeCCompilerABI.c.o   -c /root/inery/2.0/share/cmake-3.13/Modules/CMakeCCompilerABI.c]
  ignore line: [Linking C executable cmTC_64d7b]
  ignore line: [/root/inery/2.0/bin/cmake -E cmake_link_script CMakeFiles/cmTC_64d7b.dir/link.txt --verbose=1]
  ignore line: [/root/inery/2.0/opt/clang8/bin/clang -D_FORTIFY_SOURCE=2 -fstack-protector-strong -fpie   -stdlib=libc++ -nostdlib++ -pie -Wl,-z,relro,-z,now -v CMakeFiles/cmTC_64d7b.dir/CMakeCCompilerABI.c.o  -o cmTC_64d7b ]
  ignore line: [clang version 10.0.1 (https://github.com/llvm/llvm-project.git ef32c611aa214dea855364efd7ba451ec5ec3f74)]
  ignore line: [Target: x86_64-unknown-linux-gnu]
  ignore line: [Thread model: posix]
  ignore line: [InstalledDir: /root/inery/2.0/opt/clang8/bin]
  ignore line: [Found candidate GCC installation: /usr/lib/gcc/x86_64-linux-gnu/9]
  ignore line: [Selected GCC installation: /usr/lib/gcc/x86_64-linux-gnu/9]
  ignore line: [Candidate multilib: .]
  ignore line: [@m64]
  ignore line: [Selected multilib: .]
  ignore line: [@m64]
  link line: [ "/usr/bin/ld" -pie -z relro --hash-style=gnu --eh-frame-hdr -m elf_x86_64 -dynamic-linker /lib64/ld-linux-x86-64.so.2 -o cmTC_64d7b /usr/lib/gcc/x86_64-linux-gnu/9/../../../x86_64-linux-gnu/Scrt1.o /usr/lib/gcc/x86_64-linux-gnu/9/../../../x86_64-linux-gnu/crti.o /usr/lib/gcc/x86_64-linux-gnu/9/crtbeginS.o -L/usr/lib/gcc/x86_64-linux-gnu/9 -L/usr/lib/gcc/x86_64-linux-gnu/9/../../../x86_64-linux-gnu -L/usr/lib/gcc/x86_64-linux-gnu/9/../../../../lib64 -L/lib/x86_64-linux-gnu -L/lib/../lib64 -L/usr/lib/x86_64-linux-gnu -L/usr/lib/../lib64 -L/usr/lib/x86_64-linux-gnu/../../lib64 -L/usr/lib/gcc/x86_64-linux-gnu/9/../../.. -L/root/inery/2.0/opt/clang8/bin/../lib -L/lib -L/usr/lib -z relro -z now CMakeFiles/cmTC_64d7b.dir/CMakeCCompilerABI.c.o -lgcc --as-needed -lgcc_s --no-as-needed -lc -lgcc --as-needed -lgcc_s --no-as-needed /usr/lib/gcc/x86_64-linux-gnu/9/crtendS.o /usr/lib/gcc/x86_64-linux-gnu/9/../../../x86_64-linux-gnu/crtn.o]
    arg [/usr/bin/ld] ==> ignore
    arg [-pie] ==> ignore
    arg [-zrelro] ==> ignore
    arg [--hash-style=gnu] ==> ignore
    arg [--eh-frame-hdr] ==> ignore
    arg [-m] ==> ignore
    arg [elf_x86_64] ==> ignore
    arg [-dynamic-linker] ==> ignore
    arg [/lib64/ld-linux-x86-64.so.2] ==> ignore
    arg [-o] ==> ignore
    arg [cmTC_64d7b] ==> ignore
    arg [/usr/lib/gcc/x86_64-linux-gnu/9/../../../x86_64-linux-gnu/Scrt1.o] ==> ignore
    arg [/usr/lib/gcc/x86_64-linux-gnu/9/../../../x86_64-linux-gnu/crti.o] ==> ignore
    arg [/usr/lib/gcc/x86_64-linux-gnu/9/crtbeginS.o] ==> ignore
    arg [-L/usr/lib/gcc/x86_64-linux-gnu/9] ==> dir [/usr/lib/gcc/x86_64-linux-gnu/9]
    arg [-L/usr/lib/gcc/x86_64-linux-gnu/9/../../../x86_64-linux-gnu] ==> dir [/usr/lib/gcc/x86_64-linux-gnu/9/../../../x86_64-linux-gnu]
    arg [-L/usr/lib/gcc/x86_64-linux-gnu/9/../../../../lib64] ==> dir [/usr/lib/gcc/x86_64-linux-gnu/9/../../../../lib64]
    arg [-L/lib/x86_64-linux-gnu] ==> dir [/lib/x86_64-linux-gnu]
    arg [-L/lib/../lib64] ==> dir [/lib/../lib64]
    arg [-L/usr/lib/x86_64-linux-gnu] ==> dir [/usr/lib/x86_64-linux-gnu]
    arg [-L/usr/lib/../lib64] ==> dir [/usr/lib/../lib64]
    arg [-L/usr/lib/x86_64-linux-gnu/../../lib64] ==> dir [/usr/lib/x86_64-linux-gnu/../../lib64]
    arg [-L/usr/lib/gcc/x86_64-linux-gnu/9/../../..] ==> dir [/usr/lib/gcc/x86_64-linux-gnu/9/../../..]
    arg [-L/root/inery/2.0/opt/clang8/bin/../lib] ==> dir [/root/inery/2.0/opt/clang8/bin/../lib]
    arg [-L/lib] ==> dir [/lib]
    arg [-L/usr/lib] ==> dir [/usr/lib]
    arg [-zrelro] ==> ignore
    arg [-znow] ==> ignore
    arg [CMakeFiles/cmTC_64d7b.dir/CMakeCCompilerABI.c.o] ==> ignore
    arg [-lgcc] ==> lib [gcc]
    arg [--as-needed] ==> ignore
    arg [-lgcc_s] ==> lib [gcc_s]
    arg [--no-as-needed] ==> ignore
    arg [-lc] ==> lib [c]
    arg [-lgcc] ==> lib [gcc]
    arg [--as-needed] ==> ignore
    arg [-lgcc_s] ==> lib [gcc_s]
    arg [--no-as-needed] ==> ignore
    arg [/usr/lib/gcc/x86_64-linux-gnu/9/crtendS.o] ==> ignore
    arg [/usr/lib/gcc/x86_64-linux-gnu/9/../../../x86_64-linux-gnu/crtn.o] ==> ignore
  collapse library dir [/usr/lib/gcc/x86_64-linux-gnu/9] ==> [/usr/lib/gcc/x86_64-linux-gnu/9]
  collapse library dir [/usr/lib/gcc/x86_64-linux-gnu/9/../../../x86_64-linux-gnu] ==> [/usr/lib/x86_64-linux-gnu]
  collapse library dir [/usr/lib/gcc/x86_64-linux-gnu/9/../../../../lib64] ==> [/usr/lib64]
  collapse library dir [/lib/x86_64-linux-gnu] ==> [/lib/x86_64-linux-gnu]
  collapse library dir [/lib/../lib64] ==> [/lib64]
  collapse library dir [/usr/lib/x86_64-linux-gnu] ==> [/usr/lib/x86_64-linux-gnu]
  collapse library dir [/usr/lib/../lib64] ==> [/usr/lib64]
  collapse library dir [/usr/lib/x86_64-linux-gnu/../../lib64] ==> [/usr/lib64]
  collapse library dir [/usr/lib/gcc/x86_64-linux-gnu/9/../../..] ==> [/usr/lib]
  collapse library dir [/root/inery/2.0/opt/clang8/bin/../lib] ==> [/root/inery/2.0/opt/clang8/lib]
  collapse library dir [/lib] ==> [/lib]
  collapse library dir [/usr/lib] ==> [/usr/lib]
  implicit libs: [gcc;gcc_s;c;gcc;gcc_s]
  implicit dirs: [/usr/lib/gcc/x86_64-linux-gnu/9;/usr/lib/x86_64-linux-gnu;/usr/lib64;/lib/x86_64-linux-gnu;/lib64;/usr/lib;/root/inery/2.0/opt/clang8/lib;/lib]
  implicit fwks: []




Detecting C [-std=c11] compiler features compiled with the following output:
Change Dir: /home/user/Desktop/inr_build_new/inery/build/CMakeFiles/CMakeTmp

Run Build Command:"/usr/bin/make" "cmTC_eced6/fast"
/usr/bin/make -f CMakeFiles/cmTC_eced6.dir/build.make CMakeFiles/cmTC_eced6.dir/build
make[1]: Entering directory '/home/user/Desktop/inr_build_new/inery/build/CMakeFiles/CMakeTmp'
Building C object CMakeFiles/cmTC_eced6.dir/feature_tests.c.o
/root/inery/2.0/opt/clang8/bin/clang   -D_FORTIFY_SOURCE=2 -fstack-protector-strong -fpie    -std=c11 -o CMakeFiles/cmTC_eced6.dir/feature_tests.c.o   -c /home/user/Desktop/inr_build_new/inery/build/CMakeFiles/feature_tests.c
Linking C executable cmTC_eced6
/root/inery/2.0/bin/cmake -E cmake_link_script CMakeFiles/cmTC_eced6.dir/link.txt --verbose=1
/root/inery/2.0/opt/clang8/bin/clang -D_FORTIFY_SOURCE=2 -fstack-protector-strong -fpie   -stdlib=libc++ -nostdlib++ -pie -Wl,-z,relro,-z,now  CMakeFiles/cmTC_eced6.dir/feature_tests.c.o  -o cmTC_eced6 
make[1]: Leaving directory '/home/user/Desktop/inr_build_new/inery/build/CMakeFiles/CMakeTmp'


    Feature record: C_FEATURE:1c_function_prototypes
    Feature record: C_FEATURE:1c_restrict
    Feature record: C_FEATURE:1c_static_assert
    Feature record: C_FEATURE:1c_variadic_macros


Detecting C [-std=c99] compiler features compiled with the following output:
Change Dir: /home/user/Desktop/inr_build_new/inery/build/CMakeFiles/CMakeTmp

Run Build Command:"/usr/bin/make" "cmTC_aa954/fast"
/usr/bin/make -f CMakeFiles/cmTC_aa954.dir/build.make CMakeFiles/cmTC_aa954.dir/build
make[1]: Entering directory '/home/user/Desktop/inr_build_new/inery/build/CMakeFiles/CMakeTmp'
Building C object CMakeFiles/cmTC_aa954.dir/feature_tests.c.o
/root/inery/2.0/opt/clang8/bin/clang   -D_FORTIFY_SOURCE=2 -fstack-protector-strong -fpie    -std=c99 -o CMakeFiles/cmTC_aa954.dir/feature_tests.c.o   -c /home/user/Desktop/inr_build_new/inery/build/CMakeFiles/feature_tests.c
Linking C executable cmTC_aa954
/root/inery/2.0/bin/cmake -E cmake_link_script CMakeFiles/cmTC_aa954.dir/link.txt --verbose=1
/root/inery/2.0/opt/clang8/bin/clang -D_FORTIFY_SOURCE=2 -fstack-protector-strong -fpie   -stdlib=libc++ -nostdlib++ -pie -Wl,-z,relro,-z,now  CMakeFiles/cmTC_aa954.dir/feature_tests.c.o  -o cmTC_aa954 
make[1]: Leaving directory '/home/user/Desktop/inr_build_new/inery/build/CMakeFiles/CMakeTmp'


    Feature record: C_FEATURE:1c_function_prototypes
    Feature record: C_FEATURE:1c_restrict
    Feature record: C_FEATURE:0c_static_assert
    Feature record: C_FEATURE:1c_variadic_macros


Detecting C [-std=c90] compiler features compiled with the following output:
Change Dir: /home/user/Desktop/inr_build_new/inery/build/CMakeFiles/CMakeTmp

Run Build Command:"/usr/bin/make" "cmTC_d42dd/fast"
/usr/bin/make -f CMakeFiles/cmTC_d42dd.dir/build.make CMakeFiles/cmTC_d42dd.dir/build
make[1]: Entering directory '/home/user/Desktop/inr_build_new/inery/build/CMakeFiles/CMakeTmp'
Building C object CMakeFiles/cmTC_d42dd.dir/feature_tests.c.o
/root/inery/2.0/opt/clang8/bin/clang   -D_FORTIFY_SOURCE=2 -fstack-protector-strong -fpie    -std=c90 -o CMakeFiles/cmTC_d42dd.dir/feature_tests.c.o   -c /home/user/Desktop/inr_build_new/inery/build/CMakeFiles/feature_tests.c
Linking C executable cmTC_d42dd
/root/inery/2.0/bin/cmake -E cmake_link_script CMakeFiles/cmTC_d42dd.dir/link.txt --verbose=1
/root/inery/2.0/opt/clang8/bin/clang -D_FORTIFY_SOURCE=2 -fstack-protector-strong -fpie   -stdlib=libc++ -nostdlib++ -pie -Wl,-z,relro,-z,now  CMakeFiles/cmTC_d42dd.dir/feature_tests.c.o  -o cmTC_d42dd 
make[1]: Leaving directory '/home/user/Desktop/inr_build_new/inery/build/CMakeFiles/CMakeTmp'


    Feature record: C_FEATURE:1c_function_prototypes
    Feature record: C_FEATURE:0c_restrict
    Feature record: C_FEATURE:0c_static_assert
    Feature record: C_FEATURE:0c_variadic_macros
Detecting CXX compiler ABI info compiled with the following output:
Change Dir: /home/user/Desktop/inr_build_new/inery/build/CMakeFiles/CMakeTmp

Run Build Command:"/usr/bin/make" "cmTC_b5de0/fast"
/usr/bin/make -f CMakeFiles/cmTC_b5de0.dir/build.make CMakeFiles/cmTC_b5de0.dir/build
make[1]: Entering directory '/home/user/Desktop/inr_build_new/inery/build/CMakeFiles/CMakeTmp'
Building CXX object CMakeFiles/cmTC_b5de0.dir/CMakeCXXCompilerABI.cpp.o
/root/inery/2.0/opt/clang8/bin/clang++   -isystem /root/inery/2.0/opt/clang8/include/c++/v1 -isystem /usr/local/include -isystem /usr/include  -nostdinc++ -D_FORTIFY_SOURCE=2 -fstack-protector-strong -fpie    -o CMakeFiles/cmTC_b5de0.dir/CMakeCXXCompilerABI.cpp.o -c /root/inery/2.0/share/cmake-3.13/Modules/CMakeCXXCompilerABI.cpp
Linking CXX executable cmTC_b5de0
/root/inery/2.0/bin/cmake -E cmake_link_script CMakeFiles/cmTC_b5de0.dir/link.txt --verbose=1
/root/inery/2.0/opt/clang8/bin/clang++  -nostdinc++ -D_FORTIFY_SOURCE=2 -fstack-protector-strong -fpie   -stdlib=libc++ -nostdlib++ -pie -Wl,-z,relro,-z,now -v CMakeFiles/cmTC_b5de0.dir/CMakeCXXCompilerABI.cpp.o  -o cmTC_b5de0 /root/inery/2.0/opt/clang8/lib/libc++.a /root/inery/2.0/opt/clang8/lib/libc++abi.a 
clang version 10.0.1 (https://github.com/llvm/llvm-project.git ef32c611aa214dea855364efd7ba451ec5ec3f74)
Target: x86_64-unknown-linux-gnu
Thread model: posix
InstalledDir: /root/inery/2.0/opt/clang8/bin
Found candidate GCC installation: /usr/lib/gcc/x86_64-linux-gnu/9
Selected GCC installation: /usr/lib/gcc/x86_64-linux-gnu/9
Candidate multilib: .;@m64
Selected multilib: .;@m64
clang-10: warning: argument unused during compilation: '-nostdinc++' [-Wunused-command-line-argument]
 "/usr/bin/ld" -pie -z relro --hash-style=gnu --eh-frame-hdr -m elf_x86_64 -dynamic-linker /lib64/ld-linux-x86-64.so.2 -o cmTC_b5de0 /usr/lib/gcc/x86_64-linux-gnu/9/../../../x86_64-linux-gnu/Scrt1.o /usr/lib/gcc/x86_64-linux-gnu/9/../../../x86_64-linux-gnu/crti.o /usr/lib/gcc/x86_64-linux-gnu/9/crtbeginS.o -L/usr/lib/gcc/x86_64-linux-gnu/9 -L/usr/lib/gcc/x86_64-linux-gnu/9/../../../x86_64-linux-gnu -L/usr/lib/gcc/x86_64-linux-gnu/9/../../../../lib64 -L/lib/x86_64-linux-gnu -L/lib/../lib64 -L/usr/lib/x86_64-linux-gnu -L/usr/lib/../lib64 -L/usr/lib/x86_64-linux-gnu/../../lib64 -L/usr/lib/gcc/x86_64-linux-gnu/9/../../.. -L/root/inery/2.0/opt/clang8/bin/../lib -L/lib -L/usr/lib -z relro -z now CMakeFiles/cmTC_b5de0.dir/CMakeCXXCompilerABI.cpp.o /root/inery/2.0/opt/clang8/lib/libc++.a /root/inery/2.0/opt/clang8/lib/libc++abi.a -lm -lgcc_s -lgcc -lc -lgcc_s -lgcc /usr/lib/gcc/x86_64-linux-gnu/9/crtendS.o /usr/lib/gcc/x86_64-linux-gnu/9/../../../x86_64-linux-gnu/crtn.o
make[1]: Leaving directory '/home/user/Desktop/inr_build_new/inery/build/CMakeFiles/CMakeTmp'


Parsed CXX implicit link information from above output:
  link line regex: [^( *|.*[/\])(ld|CMAKE_LINK_STARTFILE-NOTFOUND|([^/\]+-)?ld|collect2)[^/\]*( |$)]
  ignore line: [Change Dir: /home/user/Desktop/inr_build_new/inery/build/CMakeFiles/CMakeTmp]
  ignore line: []
  ignore line: [Run Build Command:"/usr/bin/make" "cmTC_b5de0/fast"]
  ignore line: [/usr/bin/make -f CMakeFiles/cmTC_b5de0.dir/build.make CMakeFiles/cmTC_b5de0.dir/build]
  ignore line: [make[1]: Entering directory '/home/user/Desktop/inr_build_new/inery/build/CMakeFiles/CMakeTmp']
  ignore line: [Building CXX object CMakeFiles/cmTC_b5de0.dir/CMakeCXXCompilerABI.cpp.o]
  ignore line: [/root/inery/2.0/opt/clang8/bin/clang++   -isystem /root/inery/2.0/opt/clang8/include/c++/v1 -isystem /usr/local/include -isystem /usr/include  -nostdinc++ -D_FORTIFY_SOURCE=2 -fstack-protector-strong -fpie    -o CMakeFiles/cmTC_b5de0.dir/CMakeCXXCompilerABI.cpp.o -c /root/inery/2.0/share/cmake-3.13/Modules/CMakeCXXCompilerABI.cpp]
  ignore line: [Linking CXX executable cmTC_b5de0]
  ignore line: [/root/inery/2.0/bin/cmake -E cmake_link_script CMakeFiles/cmTC_b5de0.dir/link.txt --verbose=1]
  ignore line: [/root/inery/2.0/opt/clang8/bin/clang++  -nostdinc++ -D_FORTIFY_SOURCE=2 -fstack-protector-strong -fpie   -stdlib=libc++ -nostdlib++ -pie -Wl,-z,relro,-z,now -v CMakeFiles/cmTC_b5de0.dir/CMakeCXXCompilerABI.cpp.o  -o cmTC_b5de0 /root/inery/2.0/opt/clang8/lib/libc++.a /root/inery/2.0/opt/clang8/lib/libc++abi.a ]
  ignore line: [clang version 10.0.1 (https://github.com/llvm/llvm-project.git ef32c611aa214dea855364efd7ba451ec5ec3f74)]
  ignore line: [Target: x86_64-unknown-linux-gnu]
  ignore line: [Thread model: posix]
  ignore line: [InstalledDir: /root/inery/2.0/opt/clang8/bin]
  ignore line: [Found candidate GCC installation: /usr/lib/gcc/x86_64-linux-gnu/9]
  ignore line: [Selected GCC installation: /usr/lib/gcc/x86_64-linux-gnu/9]
  ignore line: [Candidate multilib: .]
  ignore line: [@m64]
  ignore line: [Selected multilib: .]
  ignore line: [@m64]
  ignore line: [clang-10: warning: argument unused during compilation: '-nostdinc++' [-Wunused-command-line-argument]]
  link line: [ "/usr/bin/ld" -pie -z relro --hash-style=gnu --eh-frame-hdr -m elf_x86_64 -dynamic-linker /lib64/ld-linux-x86-64.so.2 -o cmTC_b5de0 /usr/lib/gcc/x86_64-linux-gnu/9/../../../x86_64-linux-gnu/Scrt1.o /usr/lib/gcc/x86_64-linux-gnu/9/../../../x86_64-linux-gnu/crti.o /usr/lib/gcc/x86_64-linux-gnu/9/crtbeginS.o -L/usr/lib/gcc/x86_64-linux-gnu/9 -L/usr/lib/gcc/x86_64-linux-gnu/9/../../../x86_64-linux-gnu -L/usr/lib/gcc/x86_64-linux-gnu/9/../../../../lib64 -L/lib/x86_64-linux-gnu -L/lib/../lib64 -L/usr/lib/x86_64-linux-gnu -L/usr/lib/../lib64 -L/usr/lib/x86_64-linux-gnu/../../lib64 -L/usr/lib/gcc/x86_64-linux-gnu/9/../../.. -L/root/inery/2.0/opt/clang8/bin/../lib -L/lib -L/usr/lib -z relro -z now CMakeFiles/cmTC_b5de0.dir/CMakeCXXCompilerABI.cpp.o /root/inery/2.0/opt/clang8/lib/libc++.a /root/inery/2.0/opt/clang8/lib/libc++abi.a -lm -lgcc_s -lgcc -lc -lgcc_s -lgcc /usr/lib/gcc/x86_64-linux-gnu/9/crtendS.o /usr/lib/gcc/x86_64-linux-gnu/9/../../../x86_64-linux-gnu/crtn.o]
    arg [/usr/bin/ld] ==> ignore
    arg [-pie] ==> ignore
    arg [-zrelro] ==> ignore
    arg [--hash-style=gnu] ==> ignore
    arg [--eh-frame-hdr] ==> ignore
    arg [-m] ==> ignore
    arg [elf_x86_64] ==> ignore
    arg [-dynamic-linker] ==> ignore
    arg [/lib64/ld-linux-x86-64.so.2] ==> ignore
    arg [-o] ==> ignore
    arg [cmTC_b5de0] ==> ignore
    arg [/usr/lib/gcc/x86_64-linux-gnu/9/../../../x86_64-linux-gnu/Scrt1.o] ==> ignore
    arg [/usr/lib/gcc/x86_64-linux-gnu/9/../../../x86_64-linux-gnu/crti.o] ==> ignore
    arg [/usr/lib/gcc/x86_64-linux-gnu/9/crtbeginS.o] ==> ignore
    arg [-L/usr/lib/gcc/x86_64-linux-gnu/9] ==> dir [/usr/lib/gcc/x86_64-linux-gnu/9]
    arg [-L/usr/lib/gcc/x86_64-linux-gnu/9/../../../x86_64-linux-gnu] ==> dir [/usr/lib/gcc/x86_64-linux-gnu/9/../../../x86_64-linux-gnu]
    arg [-L/usr/lib/gcc/x86_64-linux-gnu/9/../../../../lib64] ==> dir [/usr/lib/gcc/x86_64-linux-gnu/9/../../../../lib64]
    arg [-L/lib/x86_64-linux-gnu] ==> dir [/lib/x86_64-linux-gnu]
    arg [-L/lib/../lib64] ==> dir [/lib/../lib64]
    arg [-L/usr/lib/x86_64-linux-gnu] ==> dir [/usr/lib/x86_64-linux-gnu]
    arg [-L/usr/lib/../lib64] ==> dir [/usr/lib/../lib64]
    arg [-L/usr/lib/x86_64-linux-gnu/../../lib64] ==> dir [/usr/lib/x86_64-linux-gnu/../../lib64]
    arg [-L/usr/lib/gcc/x86_64-linux-gnu/9/../../..] ==> dir [/usr/lib/gcc/x86_64-linux-gnu/9/../../..]
    arg [-L/root/inery/2.0/opt/clang8/bin/../lib] ==> dir [/root/inery/2.0/opt/clang8/bin/../lib]
    arg [-L/lib] ==> dir [/lib]
    arg [-L/usr/lib] ==> dir [/usr/lib]
    arg [-zrelro] ==> ignore
    arg [-znow] ==> ignore
    arg [CMakeFiles/cmTC_b5de0.dir/CMakeCXXCompilerABI.cpp.o] ==> ignore
    arg [/root/inery/2.0/opt/clang8/lib/libc++.a] ==> lib [/root/inery/2.0/opt/clang8/lib/libc++.a]
    arg [/root/inery/2.0/opt/clang8/lib/libc++abi.a] ==> lib [/root/inery/2.0/opt/clang8/lib/libc++abi.a]
    arg [-lm] ==> lib [m]
    arg [-lgcc_s] ==> lib [gcc_s]
    arg [-lgcc] ==> lib [gcc]
    arg [-lc] ==> lib [c]
    arg [-lgcc_s] ==> lib [gcc_s]
    arg [-lgcc] ==> lib [gcc]
    arg [/usr/lib/gcc/x86_64-linux-gnu/9/crtendS.o] ==> ignore
    arg [/usr/lib/gcc/x86_64-linux-gnu/9/../../../x86_64-linux-gnu/crtn.o] ==> ignore
  collapse library dir [/usr/lib/gcc/x86_64-linux-gnu/9] ==> [/usr/lib/gcc/x86_64-linux-gnu/9]
  collapse library dir [/usr/lib/gcc/x86_64-linux-gnu/9/../../../x86_64-linux-gnu] ==> [/usr/lib/x86_64-linux-gnu]
  collapse library dir [/usr/lib/gcc/x86_64-linux-gnu/9/../../../../lib64] ==> [/usr/lib64]
  collapse library dir [/lib/x86_64-linux-gnu] ==> [/lib/x86_64-linux-gnu]
  collapse library dir [/lib/../lib64] ==> [/lib64]
  collapse library dir [/usr/lib/x86_64-linux-gnu] ==> [/usr/lib/x86_64-linux-gnu]
  collapse library dir [/usr/lib/../lib64] ==> [/usr/lib64]
  collapse library dir [/usr/lib/x86_64-linux-gnu/../../lib64] ==> [/usr/lib64]
  collapse library dir [/usr/lib/gcc/x86_64-linux-gnu/9/../../..] ==> [/usr/lib]
  collapse library dir [/root/inery/2.0/opt/clang8/bin/../lib] ==> [/root/inery/2.0/opt/clang8/lib]
  collapse library dir [/lib] ==> [/lib]
  collapse library dir [/usr/lib] ==> [/usr/lib]
  implicit libs: [/root/inery/2.0/opt/clang8/lib/libc++.a;/root/inery/2.0/opt/clang8/lib/libc++abi.a;m;gcc_s;gcc;c;gcc_s;gcc]
  implicit dirs: [/usr/lib/gcc/x86_64-linux-gnu/9;/usr/lib/x86_64-linux-gnu;/usr/lib64;/lib/x86_64-linux-gnu;/lib64;/usr/lib;/root/inery/2.0/opt/clang8/lib;/lib]
  implicit fwks: []




Detecting CXX [-std=c++2a] compiler features compiled with the following output:
Change Dir: /home/user/Desktop/inr_build_new/inery/build/CMakeFiles/CMakeTmp

Run Build Command:"/usr/bin/make" "cmTC_2d553/fast"
/usr/bin/make -f CMakeFiles/cmTC_2d553.dir/build.make CMakeFiles/cmTC_2d553.dir/build
make[1]: Entering directory '/home/user/Desktop/inr_build_new/inery/build/CMakeFiles/CMakeTmp'
Building CXX object CMakeFiles/cmTC_2d553.dir/feature_tests.cxx.o
/root/inery/2.0/opt/clang8/bin/clang++   -isystem /root/inery/2.0/opt/clang8/include/c++/v1 -isystem /usr/local/include -isystem /usr/include  -nostdinc++ -D_FORTIFY_SOURCE=2 -fstack-protector-strong -fpie    -std=c++2a -o CMakeFiles/cmTC_2d553.dir/feature_tests.cxx.o -c /home/user/Desktop/inr_build_new/inery/build/CMakeFiles/feature_tests.cxx
Linking CXX executable cmTC_2d553
/root/inery/2.0/bin/cmake -E cmake_link_script CMakeFiles/cmTC_2d553.dir/link.txt --verbose=1
/root/inery/2.0/opt/clang8/bin/clang++  -nostdinc++ -D_FORTIFY_SOURCE=2 -fstack-protector-strong -fpie   -stdlib=libc++ -nostdlib++ -pie -Wl,-z,relro,-z,now  CMakeFiles/cmTC_2d553.dir/feature_tests.cxx.o  -o cmTC_2d553 /root/inery/2.0/opt/clang8/lib/libc++.a /root/inery/2.0/opt/clang8/lib/libc++abi.a 
clang-10: warning: argument unused during compilation: '-nostdinc++' [-Wunused-command-line-argument]
make[1]: Leaving directory '/home/user/Desktop/inr_build_new/inery/build/CMakeFiles/CMakeTmp'


    Feature record: CXX_FEATURE:1cxx_aggregate_default_initializers
    Feature record: CXX_FEATURE:1cxx_alias_templates
    Feature record: CXX_FEATURE:1cxx_alignas
    Feature record: CXX_FEATURE:1cxx_alignof
    Feature record: CXX_FEATURE:1cxx_attributes
    Feature record: CXX_FEATURE:1cxx_attribute_deprecated
    Feature record: CXX_FEATURE:1cxx_auto_type
    Feature record: CXX_FEATURE:1cxx_binary_literals
    Feature record: CXX_FEATURE:1cxx_constexpr
    Feature record: CXX_FEATURE:1cxx_contextual_conversions
    Feature record: CXX_FEATURE:1cxx_decltype
    Feature record: CXX_FEATURE:1cxx_decltype_auto
    Feature record: CXX_FEATURE:1cxx_decltype_incomplete_return_types
    Feature record: CXX_FEATURE:1cxx_default_function_template_args
    Feature record: CXX_FEATURE:1cxx_defaulted_functions
    Feature record: CXX_FEATURE:1cxx_defaulted_move_initializers
    Feature record: CXX_FEATURE:1cxx_delegating_constructors
    Feature record: CXX_FEATURE:1cxx_deleted_functions
    Feature record: CXX_FEATURE:1cxx_digit_separators
    Feature record: CXX_FEATURE:1cxx_enum_forward_declarations
    Feature record: CXX_FEATURE:1cxx_explicit_conversions
    Feature record: CXX_FEATURE:1cxx_extended_friend_declarations
    Feature record: CXX_FEATURE:1cxx_extern_templates
    Feature record: CXX_FEATURE:1cxx_final
    Feature record: CXX_FEATURE:1cxx_func_identifier
    Feature record: CXX_FEATURE:1cxx_generalized_initializers
    Feature record: CXX_FEATURE:1cxx_generic_lambdas
    Feature record: CXX_FEATURE:1cxx_inheriting_constructors
    Feature record: CXX_FEATURE:1cxx_inline_namespaces
    Feature record: CXX_FEATURE:1cxx_lambdas
    Feature record: CXX_FEATURE:1cxx_lambda_init_captures
    Feature record: CXX_FEATURE:1cxx_local_type_template_args
    Feature record: CXX_FEATURE:1cxx_long_long_type
    Feature record: CXX_FEATURE:1cxx_noexcept
    Feature record: CXX_FEATURE:1cxx_nonstatic_member_init
    Feature record: CXX_FEATURE:1cxx_nullptr
    Feature record: CXX_FEATURE:1cxx_override
    Feature record: CXX_FEATURE:1cxx_range_for
    Feature record: CXX_FEATURE:1cxx_raw_string_literals
    Feature record: CXX_FEATURE:1cxx_reference_qualified_functions
    Feature record: CXX_FEATURE:1cxx_relaxed_constexpr
    Feature record: CXX_FEATURE:1cxx_return_type_deduction
    Feature record: CXX_FEATURE:1cxx_right_angle_brackets
    Feature record: CXX_FEATURE:1cxx_rvalue_references
    Feature record: CXX_FEATURE:1cxx_sizeof_member
    Feature record: CXX_FEATURE:1cxx_static_assert
    Feature record: CXX_FEATURE:1cxx_strong_enums
    Feature record: CXX_FEATURE:1cxx_template_template_parameters
    Feature record: CXX_FEATURE:1cxx_thread_local
    Feature record: CXX_FEATURE:1cxx_trailing_return_types
    Feature record: CXX_FEATURE:1cxx_unicode_literals
    Feature record: CXX_FEATURE:1cxx_uniform_initialization
    Feature record: CXX_FEATURE:1cxx_unrestricted_unions
    Feature record: CXX_FEATURE:1cxx_user_literals
    Feature record: CXX_FEATURE:1cxx_variable_templates
    Feature record: CXX_FEATURE:1cxx_variadic_macros
    Feature record: CXX_FEATURE:1cxx_variadic_templates


Detecting CXX [-std=c++17] compiler features compiled with the following output:
Change Dir: /home/user/Desktop/inr_build_new/inery/build/CMakeFiles/CMakeTmp

Run Build Command:"/usr/bin/make" "cmTC_05a52/fast"
/usr/bin/make -f CMakeFiles/cmTC_05a52.dir/build.make CMakeFiles/cmTC_05a52.dir/build
make[1]: Entering directory '/home/user/Desktop/inr_build_new/inery/build/CMakeFiles/CMakeTmp'
Building CXX object CMakeFiles/cmTC_05a52.dir/feature_tests.cxx.o
/root/inery/2.0/opt/clang8/bin/clang++   -isystem /root/inery/2.0/opt/clang8/include/c++/v1 -isystem /usr/local/include -isystem /usr/include  -nostdinc++ -D_FORTIFY_SOURCE=2 -fstack-protector-strong -fpie    -std=c++17 -o CMakeFiles/cmTC_05a52.dir/feature_tests.cxx.o -c /home/user/Desktop/inr_build_new/inery/build/CMakeFiles/feature_tests.cxx
Linking CXX executable cmTC_05a52
/root/inery/2.0/bin/cmake -E cmake_link_script CMakeFiles/cmTC_05a52.dir/link.txt --verbose=1
/root/inery/2.0/opt/clang8/bin/clang++  -nostdinc++ -D_FORTIFY_SOURCE=2 -fstack-protector-strong -fpie   -stdlib=libc++ -nostdlib++ -pie -Wl,-z,relro,-z,now  CMakeFiles/cmTC_05a52.dir/feature_tests.cxx.o  -o cmTC_05a52 /root/inery/2.0/opt/clang8/lib/libc++.a /root/inery/2.0/opt/clang8/lib/libc++abi.a 
clang-10: warning: argument unused during compilation: '-nostdinc++' [-Wunused-command-line-argument]
make[1]: Leaving directory '/home/user/Desktop/inr_build_new/inery/build/CMakeFiles/CMakeTmp'


    Feature record: CXX_FEATURE:1cxx_aggregate_default_initializers
    Feature record: CXX_FEATURE:1cxx_alias_templates
    Feature record: CXX_FEATURE:1cxx_alignas
    Feature record: CXX_FEATURE:1cxx_alignof
    Feature record: CXX_FEATURE:1cxx_attributes
    Feature record: CXX_FEATURE:1cxx_attribute_deprecated
    Feature record: CXX_FEATURE:1cxx_auto_type
    Feature record: CXX_FEATURE:1cxx_binary_literals
    Feature record: CXX_FEATURE:1cxx_constexpr
    Feature record: CXX_FEATURE:1cxx_contextual_conversions
    Feature record: CXX_FEATURE:1cxx_decltype
    Feature record: CXX_FEATURE:1cxx_decltype_auto
    Feature record: CXX_FEATURE:1cxx_decltype_incomplete_return_types
    Feature record: CXX_FEATURE:1cxx_default_function_template_args
    Feature record: CXX_FEATURE:1cxx_defaulted_functions
    Feature record: CXX_FEATURE:1cxx_defaulted_move_initializers
    Feature record: CXX_FEATURE:1cxx_delegating_constructors
    Feature record: CXX_FEATURE:1cxx_deleted_functions
    Feature record: CXX_FEATURE:1cxx_digit_separators
    Feature record: CXX_FEATURE:1cxx_enum_forward_declarations
    Feature record: CXX_FEATURE:1cxx_explicit_conversions
    Feature record: CXX_FEATURE:1cxx_extended_friend_declarations
    Feature record: CXX_FEATURE:1cxx_extern_templates
    Feature record: CXX_FEATURE:1cxx_final
    Feature record: CXX_FEATURE:1cxx_func_identifier
    Feature record: CXX_FEATURE:1cxx_generalized_initializers
    Feature record: CXX_FEATURE:1cxx_generic_lambdas
    Feature record: CXX_FEATURE:1cxx_inheriting_constructors
    Feature record: CXX_FEATURE:1cxx_inline_namespaces
    Feature record: CXX_FEATURE:1cxx_lambdas
    Feature record: CXX_FEATURE:1cxx_lambda_init_captures
    Feature record: CXX_FEATURE:1cxx_local_type_template_args
    Feature record: CXX_FEATURE:1cxx_long_long_type
    Feature record: CXX_FEATURE:1cxx_noexcept
    Feature record: CXX_FEATURE:1cxx_nonstatic_member_init
    Feature record: CXX_FEATURE:1cxx_nullptr
    Feature record: CXX_FEATURE:1cxx_override
    Feature record: CXX_FEATURE:1cxx_range_for
    Feature record: CXX_FEATURE:1cxx_raw_string_literals
    Feature record: CXX_FEATURE:1cxx_reference_qualified_functions
    Feature record: CXX_FEATURE:1cxx_relaxed_constexpr
    Feature record: CXX_FEATURE:1cxx_return_type_deduction
    Feature record: CXX_FEATURE:1cxx_right_angle_brackets
    Feature record: CXX_FEATURE:1cxx_rvalue_references
    Feature record: CXX_FEATURE:1cxx_sizeof_member
    Feature record: CXX_FEATURE:1cxx_static_assert
    Feature record: CXX_FEATURE:1cxx_strong_enums
    Feature record: CXX_FEATURE:1cxx_template_template_parameters
    Feature record: CXX_FEATURE:1cxx_thread_local
    Feature record: CXX_FEATURE:1cxx_trailing_return_types
    Feature record: CXX_FEATURE:1cxx_unicode_literals
    Feature record: CXX_FEATURE:1cxx_uniform_initialization
    Feature record: CXX_FEATURE:1cxx_unrestricted_unions
    Feature record: CXX_FEATURE:1cxx_user_literals
    Feature record: CXX_FEATURE:1cxx_variable_templates
    Feature record: CXX_FEATURE:1cxx_variadic_macros
    Feature record: CXX_FEATURE:1cxx_variadic_templates


Detecting CXX [-std=c++14] compiler features compiled with the following output:
Change Dir: /home/user/Desktop/inr_build_new/inery/build/CMakeFiles/CMakeTmp

Run Build Command:"/usr/bin/make" "cmTC_f86b2/fast"
/usr/bin/make -f CMakeFiles/cmTC_f86b2.dir/build.make CMakeFiles/cmTC_f86b2.dir/build
make[1]: Entering directory '/home/user/Desktop/inr_build_new/inery/build/CMakeFiles/CMakeTmp'
Building CXX object CMakeFiles/cmTC_f86b2.dir/feature_tests.cxx.o
/root/inery/2.0/opt/clang8/bin/clang++   -isystem /root/inery/2.0/opt/clang8/include/c++/v1 -isystem /usr/local/include -isystem /usr/include  -nostdinc++ -D_FORTIFY_SOURCE=2 -fstack-protector-strong -fpie    -std=c++14 -o CMakeFiles/cmTC_f86b2.dir/feature_tests.cxx.o -c /home/user/Desktop/inr_build_new/inery/build/CMakeFiles/feature_tests.cxx
Linking CXX executable cmTC_f86b2
/root/inery/2.0/bin/cmake -E cmake_link_script CMakeFiles/cmTC_f86b2.dir/link.txt --verbose=1
/root/inery/2.0/opt/clang8/bin/clang++  -nostdinc++ -D_FORTIFY_SOURCE=2 -fstack-protector-strong -fpie   -stdlib=libc++ -nostdlib++ -pie -Wl,-z,relro,-z,now  CMakeFiles/cmTC_f86b2.dir/feature_tests.cxx.o  -o cmTC_f86b2 /root/inery/2.0/opt/clang8/lib/libc++.a /root/inery/2.0/opt/clang8/lib/libc++abi.a 
clang-10: warning: argument unused during compilation: '-nostdinc++' [-Wunused-command-line-argument]
make[1]: Leaving directory '/home/user/Desktop/inr_build_new/inery/build/CMakeFiles/CMakeTmp'


    Feature record: CXX_FEATURE:1cxx_aggregate_default_initializers
    Feature record: CXX_FEATURE:1cxx_alias_templates
    Feature record: CXX_FEATURE:1cxx_alignas
    Feature record: CXX_FEATURE:1cxx_alignof
    Feature record: CXX_FEATURE:1cxx_attributes
    Feature record: CXX_FEATURE:1cxx_attribute_deprecated
    Feature record: CXX_FEATURE:1cxx_auto_type
    Feature record: CXX_FEATURE:1cxx_binary_literals
    Feature record: CXX_FEATURE:1cxx_constexpr
    Feature record: CXX_FEATURE:1cxx_contextual_conversions
    Feature record: CXX_FEATURE:1cxx_decltype
    Feature record: CXX_FEATURE:1cxx_decltype_auto
    Feature record: CXX_FEATURE:1cxx_decltype_incomplete_return_types
    Feature record: CXX_FEATURE:1cxx_default_function_template_args
    Feature record: CXX_FEATURE:1cxx_defaulted_functions
    Feature record: CXX_FEATURE:1cxx_defaulted_move_initializers
    Feature record: CXX_FEATURE:1cxx_delegating_constructors
    Feature record: CXX_FEATURE:1cxx_deleted_functions
    Feature record: CXX_FEATURE:1cxx_digit_separators
    Feature record: CXX_FEATURE:1cxx_enum_forward_declarations
    Feature record: CXX_FEATURE:1cxx_explicit_conversions
    Feature record: CXX_FEATURE:1cxx_extended_friend_declarations
    Feature record: CXX_FEATURE:1cxx_extern_templates
    Feature record: CXX_FEATURE:1cxx_final
    Feature record: CXX_FEATURE:1cxx_func_identifier
    Feature record: CXX_FEATURE:1cxx_generalized_initializers
    Feature record: CXX_FEATURE:1cxx_generic_lambdas
    Feature record: CXX_FEATURE:1cxx_inheriting_constructors
    Feature record: CXX_FEATURE:1cxx_inline_namespaces
    Feature record: CXX_FEATURE:1cxx_lambdas
    Feature record: CXX_FEATURE:1cxx_lambda_init_captures
    Feature record: CXX_FEATURE:1cxx_local_type_template_args
    Feature record: CXX_FEATURE:1cxx_long_long_type
    Feature record: CXX_FEATURE:1cxx_noexcept
    Feature record: CXX_FEATURE:1cxx_nonstatic_member_init
    Feature record: CXX_FEATURE:1cxx_nullptr
    Feature record: CXX_FEATURE:1cxx_override
    Feature record: CXX_FEATURE:1cxx_range_for
    Feature record: CXX_FEATURE:1cxx_raw_string_literals
    Feature record: CXX_FEATURE:1cxx_reference_qualified_functions
    Feature record: CXX_FEATURE:1cxx_relaxed_constexpr
    Feature record: CXX_FEATURE:1cxx_return_type_deduction
    Feature record: CXX_FEATURE:1cxx_right_angle_brackets
    Feature record: CXX_FEATURE:1cxx_rvalue_references
    Feature record: CXX_FEATURE:1cxx_sizeof_member
    Feature record: CXX_FEATURE:1cxx_static_assert
    Feature record: CXX_FEATURE:1cxx_strong_enums
    Feature record: CXX_FEATURE:1cxx_template_template_parameters
    Feature record: CXX_FEATURE:1cxx_thread_local
    Feature record: CXX_FEATURE:1cxx_trailing_return_types
    Feature record: CXX_FEATURE:1cxx_unicode_literals
    Feature record: CXX_FEATURE:1cxx_uniform_initialization
    Feature record: CXX_FEATURE:1cxx_unrestricted_unions
    Feature record: CXX_FEATURE:1cxx_user_literals
    Feature record: CXX_FEATURE:1cxx_variable_templates
    Feature record: CXX_FEATURE:1cxx_variadic_macros
    Feature record: CXX_FEATURE:1cxx_variadic_templates


Detecting CXX [-std=c++11] compiler features compiled with the following output:
Change Dir: /home/user/Desktop/inr_build_new/inery/build/CMakeFiles/CMakeTmp

Run Build Command:"/usr/bin/make" "cmTC_04779/fast"
/usr/bin/make -f CMakeFiles/cmTC_04779.dir/build.make CMakeFiles/cmTC_04779.dir/build
make[1]: Entering directory '/home/user/Desktop/inr_build_new/inery/build/CMakeFiles/CMakeTmp'
Building CXX object CMakeFiles/cmTC_04779.dir/feature_tests.cxx.o
/root/inery/2.0/opt/clang8/bin/clang++   -isystem /root/inery/2.0/opt/clang8/include/c++/v1 -isystem /usr/local/include -isystem /usr/include  -nostdinc++ -D_FORTIFY_SOURCE=2 -fstack-protector-strong -fpie    -std=c++11 -o CMakeFiles/cmTC_04779.dir/feature_tests.cxx.o -c /home/user/Desktop/inr_build_new/inery/build/CMakeFiles/feature_tests.cxx
Linking CXX executable cmTC_04779
/root/inery/2.0/bin/cmake -E cmake_link_script CMakeFiles/cmTC_04779.dir/link.txt --verbose=1
/root/inery/2.0/opt/clang8/bin/clang++  -nostdinc++ -D_FORTIFY_SOURCE=2 -fstack-protector-strong -fpie   -stdlib=libc++ -nostdlib++ -pie -Wl,-z,relro,-z,now  CMakeFiles/cmTC_04779.dir/feature_tests.cxx.o  -o cmTC_04779 /root/inery/2.0/opt/clang8/lib/libc++.a /root/inery/2.0/opt/clang8/lib/libc++abi.a 
clang-10: warning: argument unused during compilation: '-nostdinc++' [-Wunused-command-line-argument]
make[1]: Leaving directory '/home/user/Desktop/inr_build_new/inery/build/CMakeFiles/CMakeTmp'


    Feature record: CXX_FEATURE:0cxx_aggregate_default_initializers
    Feature record: CXX_FEATURE:1cxx_alias_templates
    Feature record: CXX_FEATURE:1cxx_alignas
    Feature record: CXX_FEATURE:1cxx_alignof
    Feature record: CXX_FEATURE:1cxx_attributes
    Feature record: CXX_FEATURE:0cxx_attribute_deprecated
    Feature record: CXX_FEATURE:1cxx_auto_type
    Feature record: CXX_FEATURE:0cxx_binary_literals
    Feature record: CXX_FEATURE:1cxx_constexpr
    Feature record: CXX_FEATURE:0cxx_contextual_conversions
    Feature record: CXX_FEATURE:1cxx_decltype
    Feature record: CXX_FEATURE:0cxx_decltype_auto
    Feature record: CXX_FEATURE:1cxx_decltype_incomplete_return_types
    Feature record: CXX_FEATURE:1cxx_default_function_template_args
    Feature record: CXX_FEATURE:1cxx_defaulted_functions
    Feature record: CXX_FEATURE:1cxx_defaulted_move_initializers
    Feature record: CXX_FEATURE:1cxx_delegating_constructors
    Feature record: CXX_FEATURE:1cxx_deleted_functions
    Feature record: CXX_FEATURE:0cxx_digit_separators
    Feature record: CXX_FEATURE:1cxx_enum_forward_declarations
    Feature record: CXX_FEATURE:1cxx_explicit_conversions
    Feature record: CXX_FEATURE:1cxx_extended_friend_declarations
    Feature record: CXX_FEATURE:1cxx_extern_templates
    Feature record: CXX_FEATURE:1cxx_final
    Feature record: CXX_FEATURE:1cxx_func_identifier
    Feature record: CXX_FEATURE:1cxx_generalized_initializers
    Feature record: CXX_FEATURE:0cxx_generic_lambdas
    Feature record: CXX_FEATURE:1cxx_inheriting_constructors
    Feature record: CXX_FEATURE:1cxx_inline_namespaces
    Feature record: CXX_FEATURE:1cxx_lambdas
    Feature record: CXX_FEATURE:0cxx_lambda_init_captures
    Feature record: CXX_FEATURE:1cxx_local_type_template_args
    Feature record: CXX_FEATURE:1cxx_long_long_type
    Feature record: CXX_FEATURE:1cxx_noexcept
    Feature record: CXX_FEATURE:1cxx_nonstatic_member_init
    Feature record: CXX_FEATURE:1cxx_nullptr
    Feature record: CXX_FEATURE:1cxx_override
    Feature record: CXX_FEATURE:1cxx_range_for
    Feature record: CXX_FEATURE:1cxx_raw_string_literals
    Feature record: CXX_FEATURE:1cxx_reference_qualified_functions
    Feature record: CXX_FEATURE:0cxx_relaxed_constexpr
    Feature record: CXX_FEATURE:0cxx_return_type_deduction
    Feature record: CXX_FEATURE:1cxx_right_angle_brackets
    Feature record: CXX_FEATURE:1cxx_rvalue_references
    Feature record: CXX_FEATURE:1cxx_sizeof_member
    Feature record: CXX_FEATURE:1cxx_static_assert
    Feature record: CXX_FEATURE:1cxx_strong_enums
    Feature record: CXX_FEATURE:1cxx_template_template_parameters
    Feature record: CXX_FEATURE:1cxx_thread_local
    Feature record: CXX_FEATURE:1cxx_trailing_return_types
    Feature record: CXX_FEATURE:1cxx_unicode_literals
    Feature record: CXX_FEATURE:1cxx_uniform_initialization
    Feature record: CXX_FEATURE:1cxx_unrestricted_unions
    Feature record: CXX_FEATURE:1cxx_user_literals
    Feature record: CXX_FEATURE:0cxx_variable_templates
    Feature record: CXX_FEATURE:1cxx_variadic_macros
    Feature record: CXX_FEATURE:1cxx_variadic_templates
